<?xml version="1.0" encoding="UTF-8"?>
<!-- Generated by org.testng.reporters.JUnitReportReporter -->
<testsuite skipped="0" hostname="DESKTOP-NPMPGQ4" name="com.wallethub.testcases.FacebookPostStatusTest" tests="1" failures="0" timestamp="2021-07-25T22:23:48 IST" time="37.632" errors="0">
  <testcase name="postStatus" time="37.632" classname="com.wallethub.testcases.FacebookPostStatusTest"/>
  <system-out/>
</testsuite> <!-- com.wallethub.testcases.FacebookPostStatusTest -->
