<?xml version="1.0" encoding="UTF-8"?>
<!-- Generated by org.testng.reporters.JUnitReportReporter -->
<testsuite skipped="0" hostname="DESKTOP-NPMPGQ4" name="com.wallethub.testcases.WalletHubReviewVerification" tests="1" failures="0" timestamp="2021-07-25T22:38:23 IST" time="48.299" errors="0">
  <testcase name="postStatus" time="48.299" classname="com.wallethub.testcases.WalletHubReviewVerification"/>
  <system-out/>
</testsuite> <!-- com.wallethub.testcases.WalletHubReviewVerification -->
